[2025-12-31T07:04:45.123Z] GET /api/auth/me
[2025-12-31T07:04:45.345Z] GET /api/auth/me
[2025-12-31T07:04:45.483Z] GET /api/canvas/projects/qWtz69hkq5gPluUD5P1E
[2025-12-31T07:04:45.785Z] GET /api/credits/me
[2025-12-31T07:04:45.792Z] GET /api/auth/me
[2025-12-31T07:04:45.947Z] GET /api/canvas/projects/qWtz69hkq5gPluUD5P1E/snapshot/current
[2025-12-31T07:04:45.958Z] GET /api/auth/me
[2025-12-31T07:04:46.430Z] PUT /api/canvas/projects/qWtz69hkq5gPluUD5P1E/snapshot/current
[2025-12-31T07:04:46.522Z] GET /api/proxy/thumb/users%2Fhimnashu%2Fcanvas%2FqWtz69hkq5gPluUD5P1E%2FjJ4GQm2BJVxB0RlnGgdP-image-1.jpg?w=2048&q=85&fmt=avif
[2025-12-31T07:04:46.777Z] GET /api/proxy/thumb/users%2Fhimnashu%2Fcanvas%2FqWtz69hkq5gPluUD5P1E%2FjJ4GQm2BJVxB0RlnGgdP-image-1.jpg?w=2048&q=85&fmt=avif
[2025-12-31T07:04:46.842Z] GET /api/credits/me
[2025-12-31T07:04:47.035Z] PUT /api/canvas/projects/qWtz69hkq5gPluUD5P1E/snapshot/current
[2025-12-31T07:04:47.669Z] GET /api/credits/me
[2025-12-31T07:04:48.490Z] GET /api/credits/me
[2025-12-31T07:06:19.424Z] POST /api/fal/eleven/tts
[2025-12-31T07:09:00.748Z] GET /api/auth/me
[2025-12-31T07:09:01.078Z] GET /api/auth/me
[2025-12-31T07:09:01.191Z] GET /api/canvas/projects/qWtz69hkq5gPluUD5P1E
[2025-12-31T07:09:01.520Z] GET /api/credits/me
[2025-12-31T07:09:01.577Z] GET /api/auth/me
[2025-12-31T07:09:01.702Z] GET /api/auth/me
[2025-12-31T07:09:01.822Z] GET /api/canvas/projects/qWtz69hkq5gPluUD5P1E/snapshot/current
[2025-12-31T07:09:02.189Z] GET /api/proxy/thumb/users%2Fhimnashu%2Fcanvas%2FqWtz69hkq5gPluUD5P1E%2FjJ4GQm2BJVxB0RlnGgdP-image-1.jpg?w=2048&q=85&fmt=avif
[2025-12-31T07:09:02.356Z] GET /api/credits/me
[2025-12-31T07:09:02.435Z] GET /api/proxy/thumb/users%2Fhimnashu%2Fcanvas%2FqWtz69hkq5gPluUD5P1E%2FjJ4GQm2BJVxB0RlnGgdP-image-1.jpg?w=2048&q=85&fmt=avif
[2025-12-31T07:09:02.642Z] PUT /api/canvas/projects/qWtz69hkq5gPluUD5P1E/snapshot/current
[2025-12-31T07:09:03.068Z] GET /api/credits/me
[2025-12-31T07:09:03.770Z] GET /api/credits/me
[2025-12-31T07:09:05.890Z] PUT /api/canvas/projects/qWtz69hkq5gPluUD5P1E/snapshot/current
[2025-12-31T07:09:07.133Z] PUT /api/canvas/projects/qWtz69hkq5gPluUD5P1E/snapshot/current
[2025-12-31T07:09:08.212Z] PUT /api/canvas/projects/qWtz69hkq5gPluUD5P1E/snapshot/current
[2025-12-31T07:09:14.582Z] PUT /api/canvas/projects/qWtz69hkq5gPluUD5P1E/snapshot/current
